{"$message_type":"diagnostic","message":"linking with `cc` failed: exit status: 1","code":null,"level":"error","spans":[],"children":[{"message":" \"cc\" \"-m64\" \"/tmp/rustcI7hn7W/symbols.o\" \"<214 object files omitted>\" \"-Wl,--as-needed\" \"-Wl,-Bstatic\" \"/home/mdz-axolotl/Documents/GitClones/Chrysalis/memory_system/rust_core/target/debug/deps/{libhex-27716755798a4aa0,libserde_json-454f448815785501,libmemchr-27b11b31b0d37a41,libitoa-4cc2b507f1665552,libzmij-c41645e6f1cb8c1e,libuuid-756a0023da4fb986,libgetrandom-4a6c67dba1bb37fc}.rlib\" \"<sysroot>/lib/rustlib/x86_64-unknown-linux-gnu/lib/{libtest-*,libgetopts-*,librustc_std_workspace_std-*}.rlib\" \"/home/mdz-axolotl/Documents/GitClones/Chrysalis/memory_system/rust_core/target/debug/deps/{librusqlite-e0edf9a654ae13e4,libbitflags-99ac776a85dac37d,libsmallvec-4c1e029acc7d9e07,libfallible_streaming_iterator-02992360d78d28e2,libfallible_iterator-89c864d592901159,libhashlink-d0c6ed32ace18cef,libhashbrown-0fed1d4d32f1776a,libahash-2a9bae0011993c7f,libzerocopy-bbf654693cb1094f,liblibsqlite3_sys-9b34c3d22f39c2cc,libsha2-8203e7dcde6869e6,libcpufeatures-8ecad47d6fded137,libdigest-6e66ab38cf6730f7,libblock_buffer-a74feccb0c0c61e4,libcrypto_common-bde2d8b647db669b,libgeneric_array-364f10f2f8a3af66,libtypenum-2c53647c7aeff1d6,libserde-3354612d42bbb253,libserde_core-d4a722a22773e376,libpyo3-2476332d6c7e9a92,libcfg_if-2d20780be38939e6,libmemoffset-16df458bf86a1496,libonce_cell-b5726b916b3362ce,libpyo3_ffi-bf5cd141b96e0e8f,liblibc-8a79b14d48e59c53,libunindent-cb89fcb261167925}.rlib\" \"<sysroot>/lib/rustlib/x86_64-unknown-linux-gnu/lib/{libstd-*,libpanic_unwind-*,libobject-*,libmemchr-*,libaddr2line-*,libgimli-*,libcfg_if-*,librustc_demangle-*,libstd_detect-*,libhashbrown-*,librustc_std_workspace_alloc-*,libminiz_oxide-*,libadler2-*,libunwind-*,liblibc-*,librustc_std_workspace_core-*,liballoc-*,libcore-*,libcompiler_builtins-*}.rlib\" \"-Wl,-Bdynamic\" \"-lgcc_s\" \"-lutil\" \"-lrt\" \"-lpthread\" \"-lm\" \"-ldl\" \"-lc\" \"-L\" \"/tmp/rustcI7hn7W/raw-dylibs\" \"-B<sysroot>/lib/rustlib/x86_64-unknown-linux-gnu/bin/gcc-ld\" \"-fuse-ld=lld\" \"-Wl,--eh-frame-hdr\" \"-Wl,-z,noexecstack\" \"-L\" \"/home/mdz-axolotl/Documents/GitClones/Chrysalis/memory_system/rust_core/target/debug/build/libsqlite3-sys-b0bdebee04f44bbb/out\" \"-L\" \"<sysroot>/lib/rustlib/x86_64-unknown-linux-gnu/lib\" \"-o\" \"/home/mdz-axolotl/Documents/GitClones/Chrysalis/memory_system/rust_core/target/debug/deps/chrysalis_memory-8999cf674d63c11b\" \"-Wl,--gc-sections\" \"-pie\" \"-Wl,-z,relro,-z,now\" \"-nodefaultlibs\"","code":null,"level":"note","spans":[],"children":[],"rendered":null},{"message":"some arguments are omitted. use `--verbose` to show all linker arguments","code":null,"level":"note","spans":[],"children":[],"rendered":null},{"message":"rust-lld: error: undefined symbol: PyExc_IOError\n>>> referenced by exceptions.rs:309 (/home/mdz-axolotl/.cargo/registry/src/index.crates.io-1949cf8c6b5b557f/pyo3-0.22.6/src/exceptions.rs:309)\n>>>               /home/mdz-axolotl/Documents/GitClones/Chrysalis/memory_system/rust_core/target/debug/deps/chrysalis_memory-8999cf674d63c11b.f2wnxzyh12qzbbwmryffvd2b9.0pmh39e.rcgu.o:(_$LT$pyo3..exceptions..PyIOError$u20$as$u20$pyo3..type_object..PyTypeInfo$GT$::type_object_raw::_$u7b$$u7b$closure$u7d$$u7d$::h04fbac63c40d1c1a)\n>>> referenced by exceptions.rs:309 (/home/mdz-axolotl/.cargo/registry/src/index.crates.io-1949cf8c6b5b557f/pyo3-0.22.6/src/exceptions.rs:309)\n>>>               /home/mdz-axolotl/Documents/GitClones/Chrysalis/memory_system/rust_core/target/debug/deps/chrysalis_memory-8999cf674d63c11b.f2wnxzyh12qzbbwmryffvd2b9.0pmh39e.rcgu.o:(_$LT$pyo3..exceptions..PyIOError$u20$as$u20$pyo3..type_object..PyTypeInfo$GT$::type_object_raw::_$u7b$$u7b$closure$u7d$$u7d$::h04fbac63c40d1c1a)\n\nrust-lld: error: undefined symbol: PyErr_Print\n>>> referenced by mod.rs:1081 (src/err/mod.rs:1081)\n>>>               pyo3-2476332d6c7e9a92.pyo3.92524b9c982d2a0f-cgu.13.rcgu.o:(pyo3::err::panic_after_error::he870a1dbdeccc719) in archive /home/mdz-axolotl/Documents/GitClones/Chrysalis/memory_system/rust_core/target/debug/deps/libpyo3-2476332d6c7e9a92.rlib\n\nrust-lld: error: undefined symbol: PyErr_NewExceptionWithDoc\n>>> referenced by mod.rs:569 (src/err/mod.rs:569)\n>>>               pyo3-2476332d6c7e9a92.pyo3.92524b9c982d2a0f-cgu.13.rcgu.o:(pyo3::err::PyErr::new_type_bound::h8eee875970d16d39) in archive /home/mdz-axolotl/Documents/GitClones/Chrysalis/memory_system/rust_core/target/debug/deps/libpyo3-2476332d6c7e9a92.rlib\n\nrust-lld: error: undefined symbol: PyErr_PrintEx\n>>> referenced by mod.rs:474 (src/err/mod.rs:474)\n>>>               pyo3-2476332d6c7e9a92.pyo3.92524b9c982d2a0f-cgu.13.rcgu.o:(pyo3::err::PyErr::print_panic_and_unwind::h6e7dc2f850469cae) in archive /home/mdz-axolotl/Documents/GitClones/Chrysalis/memory_system/rust_core/target/debug/deps/libpyo3-2476332d6c7e9a92.rlib\n\nrust-lld: error: undefined symbol: PyErr_WriteUnraisable\n>>> referenced by mod.rs:709 (src/err/mod.rs:709)\n>>>               pyo3-2476332d6c7e9a92.pyo3.92524b9c982d2a0f-cgu.13.rcgu.o:(pyo3::err::PyErr::write_unraisable_bound::h24e3317b77bf21dd) in archive /home/mdz-axolotl/Documents/GitClones/Chrysalis/memory_system/rust_core/target/debug/deps/libpyo3-2476332d6c7e9a92.rlib\n\nrust-lld: error: undefined symbol: _Py_Dealloc\n>>> referenced by object.rs:611 (/home/mdz-axolotl/.cargo/registry/src/index.crates.io-1949cf8c6b5b557f/pyo3-ffi-0.22.6/src/object.rs:611)\n>>>               pyo3-2476332d6c7e9a92.pyo3.92524b9c982d2a0f-cgu.09.rcgu.o:(pyo3::gil::ReferencePool::update_counts::h350b0b6ea9d73e15) in archive /home/mdz-axolotl/Documents/GitClones/Chrysalis/memory_system/rust_core/target/debug/deps/libpyo3-2476332d6c7e9a92.rlib\n>>> referenced by object.rs:611 (/home/mdz-axolotl/.cargo/registry/src/index.crates.io-1949cf8c6b5b557f/pyo3-ffi-0.22.6/src/object.rs:611)\n>>>               pyo3-2476332d6c7e9a92.pyo3.92524b9c982d2a0f-cgu.09.rcgu.o:(pyo3::gil::register_decref::h99773b113342a004) in archive /home/mdz-axolotl/Documents/GitClones/Chrysalis/memory_system/rust_core/target/debug/deps/libpyo3-2476332d6c7e9a92.rlib\n>>> referenced by object.rs:611 (/home/mdz-axolotl/.cargo/registry/src/index.crates.io-1949cf8c6b5b557f/pyo3-ffi-0.22.6/src/object.rs:611)\n>>>               pyo3-2476332d6c7e9a92.pyo3.92524b9c982d2a0f-cgu.00.rcgu.o:(_$LT$pyo3..instance..Bound$LT$T$GT$$u20$as$u20$core..ops..drop..Drop$GT$::drop::h5f21859149840822) in archive /home/mdz-axolotl/Documents/GitClones/Chrysalis/memory_system/rust_core/target/debug/deps/libpyo3-2476332d6c7e9a92.rlib\n>>> referenced 4 more times\n\nrust-lld: error: undefined symbol: Py_IsInitialized\n>>> referenced by gil.rs:80 (src/gil.rs:80)\n>>>               pyo3-2476332d6c7e9a92.pyo3.92524b9c982d2a0f-cgu.09.rcgu.o:(pyo3::gil::prepare_freethreaded_python::_$u7b$$u7b$closure$u7d$$u7d$::h6680df48ec265740) in archive /home/mdz-axolotl/Documents/GitClones/Chrysalis/memory_system/rust_core/target/debug/deps/libpyo3-2476332d6c7e9a92.rlib\n>>> referenced by gil.rs:199 (src/gil.rs:199)\n>>>               pyo3-2476332d6c7e9a92.pyo3.92524b9c982d2a0f-cgu.09.rcgu.o:(pyo3::gil::GILGuard::acquire::_$u7b$$u7b$closure$u7d$$u7d$::h3e15ce54fcc4096f) in archive /home/mdz-axolotl/Documents/GitClones/Chrysalis/memory_system/rust_core/target/debug/deps/libpyo3-2476332d6c7e9a92.rlib\n\nrust-lld: error: undefined symbol: Py_InitializeEx\n>>> referenced by gil.rs:81 (src/gil.rs:81)\n>>>               pyo3-2476332d6c7e9a92.pyo3.92524b9c982d2a0f-cgu.09.rcgu.o:(pyo3::gil::prepare_freethreaded_python::_$u7b$$u7b$closure$u7d$$u7d$::h6680df48ec265740) in archive /home/mdz-axolotl/Documents/GitClones/Chrysalis/memory_system/rust_core/target/debug/deps/libpyo3-2476332d6c7e9a92.rlib\n\nrust-lld: error: undefined symbol: PyEval_SaveThread\n>>> referenced by gil.rs:84 (src/gil.rs:84)\n>>>               pyo3-2476332d6c7e9a92.pyo3.92524b9c982d2a0f-cgu.09.rcgu.o:(pyo3::gil::prepare_freethreaded_python::_$u7b$$u7b$closure$u7d$$u7d$::h6680df48ec265740) in archive /home/mdz-axolotl/Documents/GitClones/Chrysalis/memory_system/rust_core/target/debug/deps/libpyo3-2476332d6c7e9a92.rlib\n\nrust-lld: error: undefined symbol: PyGILState_Ensure\n>>> referenced by gil.rs:224 (src/gil.rs:224)\n>>>               pyo3-2476332d6c7e9a92.pyo3.92524b9c982d2a0f-cgu.09.rcgu.o:(pyo3::gil::GILGuard::acquire_unchecked::hcdb354ae52db9f4c) in archive /home/mdz-axolotl/Documents/GitClones/Chrysalis/memory_system/rust_core/target/debug/deps/libpyo3-2476332d6c7e9a92.rlib\n\nrust-lld: error: undefined symbol: PyGILState_Release\n>>> referenced by gil.rs:273 (src/gil.rs:273)\n>>>               pyo3-2476332d6c7e9a92.pyo3.92524b9c982d2a0f-cgu.09.rcgu.o:(_$LT$pyo3..gil..GILGuard$u20$as$u20$core..ops..drop..Drop$GT$::drop::h33fb9d047cf508b9) in archive /home/mdz-axolotl/Documents/GitClones/Chrysalis/memory_system/rust_core/target/debug/deps/libpyo3-2476332d6c7e9a92.rlib\n\nrust-lld: error: undefined symbol: PyObject_Str\n>>> referenced by any.rs:2270 (src/types/any.rs:2270)\n>>>               pyo3-2476332d6c7e9a92.pyo3.92524b9c982d2a0f-cgu.00.rcgu.o:(_$LT$pyo3..instance..Bound$LT$pyo3..types..any..PyAny$GT$$u20$as$u20$pyo3..types..any..PyAnyMethods$GT$::str::h8739c7ac1ae7b0f2) in archive /home/mdz-axolotl/Documents/GitClones/Chrysalis/memory_system/rust_core/target/debug/deps/libpyo3-2476332d6c7e9a92.rlib\n\nrust-lld: error: undefined symbol: PyErr_SetRaisedException\n>>> referenced by err_state.rs:206 (src/err/err_state.rs:206)\n>>>               pyo3-2476332d6c7e9a92.pyo3.92524b9c982d2a0f-cgu.03.rcgu.o:(pyo3::err::err_state::PyErrState::restore::hc5ece851e155f400) in archive /home/mdz-axolotl/Documents/GitClones/Chrysalis/memory_system/rust_core/target/debug/deps/libpyo3-2476332d6c7e9a92.rlib\n\nrust-lld: error: undefined symbol: PyObject_Repr\n>>> referenced by any.rs:2262 (src/types/any.rs:2262)\n>>>               pyo3-2476332d6c7e9a92.pyo3.92524b9c982d2a0f-cgu.00.rcgu.o:(_$LT$pyo3..instance..Bound$LT$pyo3..types..any..PyAny$GT$$u20$as$u20$pyo3..types..any..PyAnyMethods$GT$::repr::h6bf291eb5e64477b) in archive /home/mdz-axolotl/Documents/GitClones/Chrysalis/memory_system/rust_core/target/debug/deps/libpyo3-2476332d6c7e9a92.rlib\n\nrust-lld: error: undefined symbol: PyErr_SetString\n>>> referenced by err_state.rs:241 (src/err/err_state.rs:241)\n>>>               pyo3-2476332d6c7e9a92.pyo3.92524b9c982d2a0f-cgu.03.rcgu.o:(pyo3::err::err_state::raise_lazy::h53280354656c793a) in archive /home/mdz-axolotl/Documents/GitClones/Chrysalis/memory_system/rust_core/target/debug/deps/libpyo3-2476332d6c7e9a92.rlib\n\nrust-lld: error: undefined symbol: PyErr_SetObject\n>>> referenced by err_state.rs:246 (src/err/err_state.rs:246)\n>>>               pyo3-2476332d6c7e9a92.pyo3.92524b9c982d2a0f-cgu.03.rcgu.o:(pyo3::err::err_state::raise_lazy::h53280354656c793a) in archive /home/mdz-axolotl/Documents/GitClones/Chrysalis/memory_system/rust_core/target/debug/deps/libpyo3-2476332d6c7e9a92.rlib\n\nrust-lld: error: undefined symbol: PyException_GetTraceback\n>>> referenced by err_state.rs:40 (src/err/err_state.rs:40)\n>>>               pyo3-2476332d6c7e9a92.pyo3.92524b9c982d2a0f-cgu.03.rcgu.o:(pyo3::err::err_state::PyErrStateNormalized::ptraceback::hfb20de5701ec66ad) in archive /home/mdz-axolotl/Documents/GitClones/Chrysalis/memory_system/rust_core/target/debug/deps/libpyo3-2476332d6c7e9a92.rlib\n\nrust-lld: error: undefined symbol: PyErr_GetRaisedException\n>>> referenced by err_state.rs:48 (src/err/err_state.rs:48)\n>>>               pyo3-2476332d6c7e9a92.pyo3.92524b9c982d2a0f-cgu.03.rcgu.o:(pyo3::err::err_state::PyErrStateNormalized::take::h5eeb8c7feca70bdc) in archive /home/mdz-axolotl/Documents/GitClones/Chrysalis/memory_system/rust_core/target/debug/deps/libpyo3-2476332d6c7e9a92.rlib\n\nrust-lld: error: undefined symbol: PyType_GetName\n>>> referenced by typeobject.rs:178 (src/types/typeobject.rs:178)\n>>>               pyo3-2476332d6c7e9a92.pyo3.92524b9c982d2a0f-cgu.00.rcgu.o:(_$LT$pyo3..instance..Bound$LT$pyo3..types..typeobject..PyType$GT$$u20$as$u20$pyo3..types..typeobject..PyTypeMethods$GT$::name::h671a99151cd59d09) in archive /home/mdz-axolotl/Documents/GitClones/Chrysalis/memory_system/rust_core/target/debug/deps/libpyo3-2476332d6c7e9a92.rlib\n\nrust-lld: error: undefined symbol: PyUnicode_FromStringAndSize\n>>> referenced by string.rs:167 (src/types/string.rs:167)\n>>>               pyo3-2476332d6c7e9a92.pyo3.92524b9c982d2a0f-cgu.03.rcgu.o:(pyo3::types::string::PyString::new_bound::h5b6d0eb3c9bb8b69) in archive /home/mdz-axolotl/Documents/GitClones/Chrysalis/memory_system/rust_core/target/debug/deps/libpyo3-2476332d6c7e9a92.rlib\n\nrust-lld: error: too many errors emitted, stopping now (use --error-limit=0 to see all errors)\ncollect2: error: ld returned 1 exit status\n","code":null,"level":"note","spans":[],"children":[],"rendered":null}],"rendered":"\u001b[1m\u001b[91merror\u001b[0m\u001b[1m: linking with `cc` failed: exit status: 1\u001b[0m\n  \u001b[1m\u001b[94m|\u001b[0m\n  \u001b[1m\u001b[94m= \u001b[0m\u001b[1mnote\u001b[0m:  \"cc\" \"-m64\" \"/tmp/rustcI7hn7W/symbols.o\" \"<214 object files omitted>\" \"-Wl,--as-needed\" \"-Wl,-Bstatic\" \"/home/mdz-axolotl/Documents/GitClones/Chrysalis/memory_system/rust_core/target/debug/deps/{libhex-27716755798a4aa0,libserde_json-454f448815785501,libmemchr-27b11b31b0d37a41,libitoa-4cc2b507f1665552,libzmij-c41645e6f1cb8c1e,libuuid-756a0023da4fb986,libgetrandom-4a6c67dba1bb37fc}.rlib\" \"<sysroot>/lib/rustlib/x86_64-unknown-linux-gnu/lib/{libtest-*,libgetopts-*,librustc_std_workspace_std-*}.rlib\" \"/home/mdz-axolotl/Documents/GitClones/Chrysalis/memory_system/rust_core/target/debug/deps/{librusqlite-e0edf9a654ae13e4,libbitflags-99ac776a85dac37d,libsmallvec-4c1e029acc7d9e07,libfallible_streaming_iterator-02992360d78d28e2,libfallible_iterator-89c864d592901159,libhashlink-d0c6ed32ace18cef,libhashbrown-0fed1d4d32f1776a,libahash-2a9bae0011993c7f,libzerocopy-bbf654693cb1094f,liblibsqlite3_sys-9b34c3d22f39c2cc,libsha2-8203e7dcde6869e6,libcpufeatures-8ecad47d6fded137,libdigest-6e66ab38cf6730f7,libblock_buffer-a74feccb0c0c61e4,libcrypto_common-bde2d8b647db669b,libgeneric_array-364f10f2f8a3af66,libtypenum-2c53647c7aeff1d6,libserde-3354612d42bbb253,libserde_core-d4a722a22773e376,libpyo3-2476332d6c7e9a92,libcfg_if-2d20780be38939e6,libmemoffset-16df458bf86a1496,libonce_cell-b5726b916b3362ce,libpyo3_ffi-bf5cd141b96e0e8f,liblibc-8a79b14d48e59c53,libunindent-cb89fcb261167925}.rlib\" \"<sysroot>/lib/rustlib/x86_64-unknown-linux-gnu/lib/{libstd-*,libpanic_unwind-*,libobject-*,libmemchr-*,libaddr2line-*,libgimli-*,libcfg_if-*,librustc_demangle-*,libstd_detect-*,libhashbrown-*,librustc_std_workspace_alloc-*,libminiz_oxide-*,libadler2-*,libunwind-*,liblibc-*,librustc_std_workspace_core-*,liballoc-*,libcore-*,libcompiler_builtins-*}.rlib\" \"-Wl,-Bdynamic\" \"-lgcc_s\" \"-lutil\" \"-lrt\" \"-lpthread\" \"-lm\" \"-ldl\" \"-lc\" \"-L\" \"/tmp/rustcI7hn7W/raw-dylibs\" \"-B<sysroot>/lib/rustlib/x86_64-unknown-linux-gnu/bin/gcc-ld\" \"-fuse-ld=lld\" \"-Wl,--eh-frame-hdr\" \"-Wl,-z,noexecstack\" \"-L\" \"/home/mdz-axolotl/Documents/GitClones/Chrysalis/memory_system/rust_core/target/debug/build/libsqlite3-sys-b0bdebee04f44bbb/out\" \"-L\" \"<sysroot>/lib/rustlib/x86_64-unknown-linux-gnu/lib\" \"-o\" \"/home/mdz-axolotl/Documents/GitClones/Chrysalis/memory_system/rust_core/target/debug/deps/chrysalis_memory-8999cf674d63c11b\" \"-Wl,--gc-sections\" \"-pie\" \"-Wl,-z,relro,-z,now\" \"-nodefaultlibs\"\n  \u001b[1m\u001b[94m= \u001b[0m\u001b[1mnote\u001b[0m: some arguments are omitted. use `--verbose` to show all linker arguments\n  \u001b[1m\u001b[94m= \u001b[0m\u001b[1mnote\u001b[0m: rust-lld: error: undefined symbol: PyExc_IOError\n          >>> referenced by exceptions.rs:309 (/home/mdz-axolotl/.cargo/registry/src/index.crates.io-1949cf8c6b5b557f/pyo3-0.22.6/src/exceptions.rs:309)\n          >>>               /home/mdz-axolotl/Documents/GitClones/Chrysalis/memory_system/rust_core/target/debug/deps/chrysalis_memory-8999cf674d63c11b.f2wnxzyh12qzbbwmryffvd2b9.0pmh39e.rcgu.o:(_$LT$pyo3..exceptions..PyIOError$u20$as$u20$pyo3..type_object..PyTypeInfo$GT$::type_object_raw::_$u7b$$u7b$closure$u7d$$u7d$::h04fbac63c40d1c1a)\n          >>> referenced by exceptions.rs:309 (/home/mdz-axolotl/.cargo/registry/src/index.crates.io-1949cf8c6b5b557f/pyo3-0.22.6/src/exceptions.rs:309)\n          >>>               /home/mdz-axolotl/Documents/GitClones/Chrysalis/memory_system/rust_core/target/debug/deps/chrysalis_memory-8999cf674d63c11b.f2wnxzyh12qzbbwmryffvd2b9.0pmh39e.rcgu.o:(_$LT$pyo3..exceptions..PyIOError$u20$as$u20$pyo3..type_object..PyTypeInfo$GT$::type_object_raw::_$u7b$$u7b$closure$u7d$$u7d$::h04fbac63c40d1c1a)\n          \n          rust-lld: error: undefined symbol: PyErr_Print\n          >>> referenced by mod.rs:1081 (src/err/mod.rs:1081)\n          >>>               pyo3-2476332d6c7e9a92.pyo3.92524b9c982d2a0f-cgu.13.rcgu.o:(pyo3::err::panic_after_error::he870a1dbdeccc719) in archive /home/mdz-axolotl/Documents/GitClones/Chrysalis/memory_system/rust_core/target/debug/deps/libpyo3-2476332d6c7e9a92.rlib\n          \n          rust-lld: error: undefined symbol: PyErr_NewExceptionWithDoc\n          >>> referenced by mod.rs:569 (src/err/mod.rs:569)\n          >>>               pyo3-2476332d6c7e9a92.pyo3.92524b9c982d2a0f-cgu.13.rcgu.o:(pyo3::err::PyErr::new_type_bound::h8eee875970d16d39) in archive /home/mdz-axolotl/Documents/GitClones/Chrysalis/memory_system/rust_core/target/debug/deps/libpyo3-2476332d6c7e9a92.rlib\n          \n          rust-lld: error: undefined symbol: PyErr_PrintEx\n          >>> referenced by mod.rs:474 (src/err/mod.rs:474)\n          >>>               pyo3-2476332d6c7e9a92.pyo3.92524b9c982d2a0f-cgu.13.rcgu.o:(pyo3::err::PyErr::print_panic_and_unwind::h6e7dc2f850469cae) in archive /home/mdz-axolotl/Documents/GitClones/Chrysalis/memory_system/rust_core/target/debug/deps/libpyo3-2476332d6c7e9a92.rlib\n          \n          rust-lld: error: undefined symbol: PyErr_WriteUnraisable\n          >>> referenced by mod.rs:709 (src/err/mod.rs:709)\n          >>>               pyo3-2476332d6c7e9a92.pyo3.92524b9c982d2a0f-cgu.13.rcgu.o:(pyo3::err::PyErr::write_unraisable_bound::h24e3317b77bf21dd) in archive /home/mdz-axolotl/Documents/GitClones/Chrysalis/memory_system/rust_core/target/debug/deps/libpyo3-2476332d6c7e9a92.rlib\n          \n          rust-lld: error: undefined symbol: _Py_Dealloc\n          >>> referenced by object.rs:611 (/home/mdz-axolotl/.cargo/registry/src/index.crates.io-1949cf8c6b5b557f/pyo3-ffi-0.22.6/src/object.rs:611)\n          >>>               pyo3-2476332d6c7e9a92.pyo3.92524b9c982d2a0f-cgu.09.rcgu.o:(pyo3::gil::ReferencePool::update_counts::h350b0b6ea9d73e15) in archive /home/mdz-axolotl/Documents/GitClones/Chrysalis/memory_system/rust_core/target/debug/deps/libpyo3-2476332d6c7e9a92.rlib\n          >>> referenced by object.rs:611 (/home/mdz-axolotl/.cargo/registry/src/index.crates.io-1949cf8c6b5b557f/pyo3-ffi-0.22.6/src/object.rs:611)\n          >>>               pyo3-2476332d6c7e9a92.pyo3.92524b9c982d2a0f-cgu.09.rcgu.o:(pyo3::gil::register_decref::h99773b113342a004) in archive /home/mdz-axolotl/Documents/GitClones/Chrysalis/memory_system/rust_core/target/debug/deps/libpyo3-2476332d6c7e9a92.rlib\n          >>> referenced by object.rs:611 (/home/mdz-axolotl/.cargo/registry/src/index.crates.io-1949cf8c6b5b557f/pyo3-ffi-0.22.6/src/object.rs:611)\n          >>>               pyo3-2476332d6c7e9a92.pyo3.92524b9c982d2a0f-cgu.00.rcgu.o:(_$LT$pyo3..instance..Bound$LT$T$GT$$u20$as$u20$core..ops..drop..Drop$GT$::drop::h5f21859149840822) in archive /home/mdz-axolotl/Documents/GitClones/Chrysalis/memory_system/rust_core/target/debug/deps/libpyo3-2476332d6c7e9a92.rlib\n          >>> referenced 4 more times\n          \n          rust-lld: error: undefined symbol: Py_IsInitialized\n          >>> referenced by gil.rs:80 (src/gil.rs:80)\n          >>>               pyo3-2476332d6c7e9a92.pyo3.92524b9c982d2a0f-cgu.09.rcgu.o:(pyo3::gil::prepare_freethreaded_python::_$u7b$$u7b$closure$u7d$$u7d$::h6680df48ec265740) in archive /home/mdz-axolotl/Documents/GitClones/Chrysalis/memory_system/rust_core/target/debug/deps/libpyo3-2476332d6c7e9a92.rlib\n          >>> referenced by gil.rs:199 (src/gil.rs:199)\n          >>>               pyo3-2476332d6c7e9a92.pyo3.92524b9c982d2a0f-cgu.09.rcgu.o:(pyo3::gil::GILGuard::acquire::_$u7b$$u7b$closure$u7d$$u7d$::h3e15ce54fcc4096f) in archive /home/mdz-axolotl/Documents/GitClones/Chrysalis/memory_system/rust_core/target/debug/deps/libpyo3-2476332d6c7e9a92.rlib\n          \n          rust-lld: error: undefined symbol: Py_InitializeEx\n          >>> referenced by gil.rs:81 (src/gil.rs:81)\n          >>>               pyo3-2476332d6c7e9a92.pyo3.92524b9c982d2a0f-cgu.09.rcgu.o:(pyo3::gil::prepare_freethreaded_python::_$u7b$$u7b$closure$u7d$$u7d$::h6680df48ec265740) in archive /home/mdz-axolotl/Documents/GitClones/Chrysalis/memory_system/rust_core/target/debug/deps/libpyo3-2476332d6c7e9a92.rlib\n          \n          rust-lld: error: undefined symbol: PyEval_SaveThread\n          >>> referenced by gil.rs:84 (src/gil.rs:84)\n          >>>               pyo3-2476332d6c7e9a92.pyo3.92524b9c982d2a0f-cgu.09.rcgu.o:(pyo3::gil::prepare_freethreaded_python::_$u7b$$u7b$closure$u7d$$u7d$::h6680df48ec265740) in archive /home/mdz-axolotl/Documents/GitClones/Chrysalis/memory_system/rust_core/target/debug/deps/libpyo3-2476332d6c7e9a92.rlib\n          \n          rust-lld: error: undefined symbol: PyGILState_Ensure\n          >>> referenced by gil.rs:224 (src/gil.rs:224)\n          >>>               pyo3-2476332d6c7e9a92.pyo3.92524b9c982d2a0f-cgu.09.rcgu.o:(pyo3::gil::GILGuard::acquire_unchecked::hcdb354ae52db9f4c) in archive /home/mdz-axolotl/Documents/GitClones/Chrysalis/memory_system/rust_core/target/debug/deps/libpyo3-2476332d6c7e9a92.rlib\n          \n          rust-lld: error: undefined symbol: PyGILState_Release\n          >>> referenced by gil.rs:273 (src/gil.rs:273)\n          >>>               pyo3-2476332d6c7e9a92.pyo3.92524b9c982d2a0f-cgu.09.rcgu.o:(_$LT$pyo3..gil..GILGuard$u20$as$u20$core..ops..drop..Drop$GT$::drop::h33fb9d047cf508b9) in archive /home/mdz-axolotl/Documents/GitClones/Chrysalis/memory_system/rust_core/target/debug/deps/libpyo3-2476332d6c7e9a92.rlib\n          \n          rust-lld: error: undefined symbol: PyObject_Str\n          >>> referenced by any.rs:2270 (src/types/any.rs:2270)\n          >>>               pyo3-2476332d6c7e9a92.pyo3.92524b9c982d2a0f-cgu.00.rcgu.o:(_$LT$pyo3..instance..Bound$LT$pyo3..types..any..PyAny$GT$$u20$as$u20$pyo3..types..any..PyAnyMethods$GT$::str::h8739c7ac1ae7b0f2) in archive /home/mdz-axolotl/Documents/GitClones/Chrysalis/memory_system/rust_core/target/debug/deps/libpyo3-2476332d6c7e9a92.rlib\n          \n          rust-lld: error: undefined symbol: PyErr_SetRaisedException\n          >>> referenced by err_state.rs:206 (src/err/err_state.rs:206)\n          >>>               pyo3-2476332d6c7e9a92.pyo3.92524b9c982d2a0f-cgu.03.rcgu.o:(pyo3::err::err_state::PyErrState::restore::hc5ece851e155f400) in archive /home/mdz-axolotl/Documents/GitClones/Chrysalis/memory_system/rust_core/target/debug/deps/libpyo3-2476332d6c7e9a92.rlib\n          \n          rust-lld: error: undefined symbol: PyObject_Repr\n          >>> referenced by any.rs:2262 (src/types/any.rs:2262)\n          >>>               pyo3-2476332d6c7e9a92.pyo3.92524b9c982d2a0f-cgu.00.rcgu.o:(_$LT$pyo3..instance..Bound$LT$pyo3..types..any..PyAny$GT$$u20$as$u20$pyo3..types..any..PyAnyMethods$GT$::repr::h6bf291eb5e64477b) in archive /home/mdz-axolotl/Documents/GitClones/Chrysalis/memory_system/rust_core/target/debug/deps/libpyo3-2476332d6c7e9a92.rlib\n          \n          rust-lld: error: undefined symbol: PyErr_SetString\n          >>> referenced by err_state.rs:241 (src/err/err_state.rs:241)\n          >>>               pyo3-2476332d6c7e9a92.pyo3.92524b9c982d2a0f-cgu.03.rcgu.o:(pyo3::err::err_state::raise_lazy::h53280354656c793a) in archive /home/mdz-axolotl/Documents/GitClones/Chrysalis/memory_system/rust_core/target/debug/deps/libpyo3-2476332d6c7e9a92.rlib\n          \n          rust-lld: error: undefined symbol: PyErr_SetObject\n          >>> referenced by err_state.rs:246 (src/err/err_state.rs:246)\n          >>>               pyo3-2476332d6c7e9a92.pyo3.92524b9c982d2a0f-cgu.03.rcgu.o:(pyo3::err::err_state::raise_lazy::h53280354656c793a) in archive /home/mdz-axolotl/Documents/GitClones/Chrysalis/memory_system/rust_core/target/debug/deps/libpyo3-2476332d6c7e9a92.rlib\n          \n          rust-lld: error: undefined symbol: PyException_GetTraceback\n          >>> referenced by err_state.rs:40 (src/err/err_state.rs:40)\n          >>>               pyo3-2476332d6c7e9a92.pyo3.92524b9c982d2a0f-cgu.03.rcgu.o:(pyo3::err::err_state::PyErrStateNormalized::ptraceback::hfb20de5701ec66ad) in archive /home/mdz-axolotl/Documents/GitClones/Chrysalis/memory_system/rust_core/target/debug/deps/libpyo3-2476332d6c7e9a92.rlib\n          \n          rust-lld: error: undefined symbol: PyErr_GetRaisedException\n          >>> referenced by err_state.rs:48 (src/err/err_state.rs:48)\n          >>>               pyo3-2476332d6c7e9a92.pyo3.92524b9c982d2a0f-cgu.03.rcgu.o:(pyo3::err::err_state::PyErrStateNormalized::take::h5eeb8c7feca70bdc) in archive /home/mdz-axolotl/Documents/GitClones/Chrysalis/memory_system/rust_core/target/debug/deps/libpyo3-2476332d6c7e9a92.rlib\n          \n          rust-lld: error: undefined symbol: PyType_GetName\n          >>> referenced by typeobject.rs:178 (src/types/typeobject.rs:178)\n          >>>               pyo3-2476332d6c7e9a92.pyo3.92524b9c982d2a0f-cgu.00.rcgu.o:(_$LT$pyo3..instance..Bound$LT$pyo3..types..typeobject..PyType$GT$$u20$as$u20$pyo3..types..typeobject..PyTypeMethods$GT$::name::h671a99151cd59d09) in archive /home/mdz-axolotl/Documents/GitClones/Chrysalis/memory_system/rust_core/target/debug/deps/libpyo3-2476332d6c7e9a92.rlib\n          \n          rust-lld: error: undefined symbol: PyUnicode_FromStringAndSize\n          >>> referenced by string.rs:167 (src/types/string.rs:167)\n          >>>               pyo3-2476332d6c7e9a92.pyo3.92524b9c982d2a0f-cgu.03.rcgu.o:(pyo3::types::string::PyString::new_bound::h5b6d0eb3c9bb8b69) in archive /home/mdz-axolotl/Documents/GitClones/Chrysalis/memory_system/rust_core/target/debug/deps/libpyo3-2476332d6c7e9a92.rlib\n          \n          rust-lld: error: too many errors emitted, stopping now (use --error-limit=0 to see all errors)\n          collect2: error: ld returned 1 exit status\n          \n\n"}
{"$message_type":"diagnostic","message":"aborting due to 1 previous error","code":null,"level":"error","spans":[],"children":[],"rendered":"\u001b[1m\u001b[91merror\u001b[0m\u001b[1m: aborting due to 1 previous error\u001b[0m\n\n"}
